<?xml version="1.0" encoding="UTF-8"?>
<testng-results ignored="0" total="1" passed="1" failed="0" skipped="0">
  <reporter-output>
  </reporter-output>
  <suite started-at="2023-02-08T10:03:55 WIB" name="TestCase1" finished-at="2023-02-08T10:04:00 WIB" duration-ms="5563">
    <groups>
    </groups>
    <test started-at="2023-02-08T10:03:55 WIB" name="Command line test" finished-at="2023-02-08T10:04:00 WIB" duration-ms="5563">
      <class name="TestCase1">
        <test-method is-config="true" signature="setUp()[pri:0, instance:TestCase1@5b0abc94]" started-at="2023-02-08T10:03:55 WIB" name="setUp" finished-at="2023-02-08T10:03:57 WIB" duration-ms="2041" status="PASS">
          <reporter-output>
          </reporter-output>
        </test-method> <!-- setUp -->
        <test-method signature="firstTry()[pri:0, instance:TestCase1@5b0abc94]" started-at="2023-02-08T10:03:57 WIB" name="firstTry" finished-at="2023-02-08T10:04:00 WIB" duration-ms="3411" status="PASS">
          <reporter-output>
          </reporter-output>
        </test-method> <!-- firstTry -->
        <test-method is-config="true" signature="tearDown()[pri:0, instance:TestCase1@5b0abc94]" started-at="2023-02-08T10:04:00 WIB" name="tearDown" finished-at="2023-02-08T10:04:00 WIB" duration-ms="85" status="PASS">
          <reporter-output>
          </reporter-output>
        </test-method> <!-- tearDown -->
      </class> <!-- TestCase1 -->
    </test> <!-- Command line test -->
  </suite> <!-- TestCase1 -->
</testng-results>
